0 verbose cli /opt/homebrew/Cellar/node/25.8.1_1/bin/node /opt/homebrew/bin/npm
1 info using npm@11.11.0
2 info using node@v25.8.1
3 silly config load:file:/opt/homebrew/lib/node_modules/npm/npmrc
4 silly config load:file:/Users/mac/LibraryMangerProject/LibraryManager/.npmrc
5 silly config load:file:/Users/mac/.npmrc
6 silly config load:file:/opt/homebrew/etc/npmrc
7 verbose title npm install express-validator
8 verbose argv "install" "express-validator" "--cache" "/Users/mac/LibraryMangerProject/LibraryManager/.npm-cache"
9 verbose logfile logs-max:10 dir:/Users/mac/LibraryMangerProject/LibraryManager/.npm-cache/_logs/2026-03-29T19_06_03_022Z-
10 verbose logfile /Users/mac/LibraryMangerProject/LibraryManager/.npm-cache/_logs/2026-03-29T19_06_03_022Z-debug-0.log
11 silly logfile done cleaning log files
12 silly packumentCache heap:4496293888 maxSize:1124073472 maxEntrySize:562036736
13 silly idealTree buildDeps
14 silly fetch manifest express-validator@*
15 silly packumentCache full:https://registry.npmjs.org/express-validator cache-miss
16 http fetch GET 200 https://registry.npmjs.org/express-validator 724ms (cache miss)
17 silly packumentCache full:https://registry.npmjs.org/express-validator set size:undefined disposed:false
18 silly placeDep ROOT express-validator@7.3.1 OK for: librarymanager@1.0.0 want: *
19 silly fetch manifest lodash@^4.17.21
20 silly packumentCache full:https://registry.npmjs.org/lodash cache-miss
21 silly fetch manifest validator@~13.15.23
22 silly packumentCache full:https://registry.npmjs.org/validator cache-miss
23 http fetch GET 200 https://registry.npmjs.org/lodash 249ms (cache miss)
24 silly packumentCache full:https://registry.npmjs.org/lodash set size:undefined disposed:false
25 http fetch GET 200 https://registry.npmjs.org/npm 1056ms
26 http fetch GET 200 https://registry.npmjs.org/validator 834ms (cache miss)
27 silly packumentCache full:https://registry.npmjs.org/validator set size:undefined disposed:false
28 silly placeDep ROOT lodash@4.17.23 OK for: express-validator@7.3.1 want: ^4.17.21
29 silly placeDep ROOT validator@13.15.26 OK for: express-validator@7.3.1 want: ~13.15.23
30 silly reify moves {}
31 verbose stack Error: EACCES: permission denied, mkdir '/Users/mac/LibraryMangerProject/LibraryManager/node_modules/express-validator'
31 verbose stack     at async mkdir (node:internal/fs/promises:856:10)
31 verbose stack     at async /opt/homebrew/lib/node_modules/npm/node_modules/@npmcli/arborist/lib/arborist/reify.js:572:20
31 verbose stack     at async Promise.allSettled (index 0)
31 verbose stack     at async #reifyPackages (/opt/homebrew/lib/node_modules/npm/node_modules/@npmcli/arborist/lib/arborist/reify.js:309:11)
31 verbose stack     at async Arborist.reify (/opt/homebrew/lib/node_modules/npm/node_modules/@npmcli/arborist/lib/arborist/reify.js:121:5)
31 verbose stack     at async Install.exec (/opt/homebrew/lib/node_modules/npm/lib/commands/install.js:152:5)
31 verbose stack     at async Npm.exec (/opt/homebrew/lib/node_modules/npm/lib/npm.js:209:9)
31 verbose stack     at async module.exports (/opt/homebrew/lib/node_modules/npm/lib/cli/entry.js:67:5)
32 error code EACCES
33 error syscall mkdir
34 error path /Users/mac/LibraryMangerProject/LibraryManager/node_modules/express-validator
35 error errno -13
36 error Error: EACCES: permission denied, mkdir '/Users/mac/LibraryMangerProject/LibraryManager/node_modules/express-validator'
36 error     at async mkdir (node:internal/fs/promises:856:10)
36 error     at async /opt/homebrew/lib/node_modules/npm/node_modules/@npmcli/arborist/lib/arborist/reify.js:572:20
36 error     at async Promise.allSettled (index 0)
36 error     at async #reifyPackages (/opt/homebrew/lib/node_modules/npm/node_modules/@npmcli/arborist/lib/arborist/reify.js:309:11)
36 error     at async Arborist.reify (/opt/homebrew/lib/node_modules/npm/node_modules/@npmcli/arborist/lib/arborist/reify.js:121:5)
36 error     at async Install.exec (/opt/homebrew/lib/node_modules/npm/lib/commands/install.js:152:5)
36 error     at async Npm.exec (/opt/homebrew/lib/node_modules/npm/lib/npm.js:209:9)
36 error     at async module.exports (/opt/homebrew/lib/node_modules/npm/lib/cli/entry.js:67:5) {
36 error   errno: -13,
36 error   code: 'EACCES',
36 error   syscall: 'mkdir',
36 error   path: '/Users/mac/LibraryMangerProject/LibraryManager/node_modules/express-validator'
36 error }
37 error
37 error The operation was rejected by your operating system.
37 error It is likely you do not have the permissions to access this file as the current user
37 error
37 error If you believe this might be a permissions issue, please double-check the
37 error permissions of the file and its containing directories, or try running
37 error the command again as root/Administrator.
38 silly unfinished npm timer reify 1774811163318
39 silly unfinished npm timer reify:createSparse 1774811164915
40 verbose cwd /Users/mac/LibraryMangerProject/LibraryManager
41 verbose os Darwin 25.3.0
42 verbose node v25.8.1
43 verbose npm  v11.11.0
44 notice
44 notice New [33mminor[39m version of npm available! [33m11.11.0[39m -> [34m11.12.1[39m
44 notice Changelog: [34mhttps://github.com/npm/cli/releases/tag/v11.12.1[39m
44 notice To update run: [4mnpm install -g npm@11.12.1[24m
44 notice  { force: true, Symbol(proc-log.meta): true }
45 verbose exit -13
46 verbose code -13
47 error A complete log of this run can be found in: /Users/mac/LibraryMangerProject/LibraryManager/.npm-cache/_logs/2026-03-29T19_06_03_022Z-debug-0.log
